app/build/outputs/logs/manifest-merger-debug-report.txt
-- Merging decision tree log ---
manifest
ADDED from src/main/AndroidManifest.xml:2:1-55:12
	xmlns:android
		ADDED from src/main/AndroidManifest.xml:2:11-69
	package
		ADDED from src/main/AndroidManifest.xml:3:5-33
		INJECTED from src/main/AndroidManifest.xml
		INJECTED from src/main/AndroidManifest.xml
	android:versionName
		ADDED from src/main/AndroidManifest.xml:5:5-30
		INJECTED from src/main/AndroidManifest.xml
		INJECTED from src/main/AndroidManifest.xml
	android:versionCode
		ADDED from src/main/AndroidManifest.xml:4:5-28
		INJECTED from src/main/AndroidManifest.xml
		INJECTED from src/main/AndroidManifest.xml
uses-sdk
ADDED from src/main/AndroidManifest.xml:7:5-9:41
	android:targetSdkVersion
		ADDED from src/main/AndroidManifest.xml:9:9-38
		INJECTED from src/main/AndroidManifest.xml
		INJECTED from src/main/AndroidManifest.xml
	android:minSdkVersion
		ADDED from src/main/AndroidManifest.xml:8:9-35
		INJECTED from src/main/AndroidManifest.xml
		INJECTED from src/main/AndroidManifest.xml
uses-feature#android.hardware.camera
ADDED from src/main/AndroidManifest.xml:11:5-60
	android:name
		ADDED from src/main/AndroidManifest.xml:11:19-57
uses-permission#android.permission.CAMERA
ADDED from src/main/AndroidManifest.xml:13:5-65
	android:name
		ADDED from src/main/AndroidManifest.xml:13:22-62
uses-permission#android.permission.WRITE_EXTERNAL_STORAGE
ADDED from src/main/AndroidManifest.xml:14:5-81
	android:name
		ADDED from src/main/AndroidManifest.xml:14:22-78
uses-permission#android.permission.INTERNET
ADDED from src/main/AndroidManifest.xml:15:5-66
	android:name
		ADDED from src/main/AndroidManifest.xml:15:22-64
uses-permission#android.permission.WAKE_LOCK
ADDED from src/main/AndroidManifest.xml:16:5-68
	android:name
		ADDED from src/main/AndroidManifest.xml:16:22-65
uses-permission#android.permission.RECORD_AUDIO
ADDED from src/main/AndroidManifest.xml:17:5-71
	android:name
		ADDED from src/main/AndroidManifest.xml:17:22-68
uses-permission#com.google.android.glass.permission.DEVELOPMENT
ADDED from src/main/AndroidManifest.xml:18:5-87
	android:name
		ADDED from src/main/AndroidManifest.xml:18:22-84
application
ADDED from src/main/AndroidManifest.xml:20:5-53:19
	android:label
		ADDED from src/main/AndroidManifest.xml:23:9-41
	android:allowBackup
		ADDED from src/main/AndroidManifest.xml:21:9-35
	android:icon
		ADDED from src/main/AndroidManifest.xml:22:9-45
	android:theme
		ADDED from src/main/AndroidManifest.xml:24:9-40
activity#edu.cmu.cs.gabriel.GabrielClientActivity
ADDED from src/main/AndroidManifest.xml:25:9-49:20
	android:screenOrientation
		ADDED from src/main/AndroidManifest.xml:27:13-50
	android:label
		ADDED from src/main/AndroidManifest.xml:29:13-56
	android:theme
		ADDED from src/main/AndroidManifest.xml:28:13-71
	android:name
		ADDED from src/main/AndroidManifest.xml:26:13-68
intent-filter#android.intent.action.MAIN+android.intent.category.LAUNCHER
ADDED from src/main/AndroidManifest.xml:33:13-36:29
action#android.intent.action.MAIN
ADDED from src/main/AndroidManifest.xml:34:17-69
	android:name
		ADDED from src/main/AndroidManifest.xml:34:25-66
category#android.intent.category.LAUNCHER
ADDED from src/main/AndroidManifest.xml:35:17-77
	android:name
		ADDED from src/main/AndroidManifest.xml:35:27-74
intent-filter#com.google.android.glass.action.VOICE_TRIGGER
ADDED from src/main/AndroidManifest.xml:41:13-43:29
action#com.google.android.glass.action.VOICE_TRIGGER
ADDED from src/main/AndroidManifest.xml:42:17-88
	android:name
		ADDED from src/main/AndroidManifest.xml:42:25-85
meta-data#com.google.android.glass.VoiceTrigger
ADDED from src/main/AndroidManifest.xml:46:13-48:57
	android:resource
		ADDED from src/main/AndroidManifest.xml:48:17-54
	android:name
		ADDED from src/main/AndroidManifest.xml:47:17-69
activity#edu.cmu.cs.gabriel.SettingsActivity
ADDED from src/main/AndroidManifest.xml:50:9-52:20
	android:name
		ADDED from src/main/AndroidManifest.xml:51:13-63